<?xml version="1.0" encoding="UTF-8"?>
<!-- Generated by org.testng.reporters.JUnitReportReporter -->
<testsuite hostname="DESKTOP-38B4H66" failures="0" tests="1" name="Abstraction.Vehicle" time="0.014" errors="0" timestamp="2022-12-20T14:30:38 IST" skipped="0">
  <testcase classname="Abstraction.Vehicle" name="m1" time="0.014"/>
  <system-out/>
</testsuite> <!-- Abstraction.Vehicle -->
