<?xml version="1.0" encoding="UTF-8"?>
<!-- Generated by org.testng.reporters.JUnitReportReporter -->
<testsuite hostname="DESKTOP-38B4H66" failures="0" tests="1" name="TestNg.ClassA" time="0.015" errors="0" timestamp="2022-12-21T15:00:58 IST" skipped="0">
  <testcase classname="TestNg.ClassA" name="m1" time="0.015"/>
  <system-out/>
</testsuite> <!-- TestNg.ClassA -->
