<?xml version="1.0" encoding="UTF-8"?>
<!-- Generated by org.testng.reporters.JUnitReportReporter -->
<testsuite hostname="DESKTOP-38B4H66" failures="0" tests="1" name="TestNg.launchUrl" time="19.227" errors="0" timestamp="2022-12-20T15:28:22 IST" skipped="0">
  <testcase classname="TestNg.launchUrl" name="m1" time="19.227"/>
  <system-out/>
</testsuite> <!-- TestNg.launchUrl -->
