<?xml version="1.0" encoding="UTF-8"?>
<!-- Generated by org.testng.reporters.JUnitReportReporter -->
<testsuite hostname="DESKTOP-3T6KP51" failures="0" tests="1" name="TestAutomationPractice.TestAutomationPractice.AppTest" time="0.010" errors="0" timestamp="08 Jan 2023 06:12:13 GMT" skipped="0">
  <testcase classname="TestAutomationPractice.TestAutomationPractice.AppTest" name="shouldAnswerWithTrue" time="0.010"/>
</testsuite> <!-- TestAutomationPractice.TestAutomationPractice.AppTest -->
